   1              		.syntax unified
   2              		.cpu cortex-m3
   3              		.fpu softvfp
   4              		.eabi_attribute 20, 1
   5              		.eabi_attribute 21, 1
   6              		.eabi_attribute 23, 3
   7              		.eabi_attribute 24, 1
   8              		.eabi_attribute 25, 1
   9              		.eabi_attribute 26, 1
  10              		.eabi_attribute 30, 6
  11              		.eabi_attribute 34, 1
  12              		.eabi_attribute 18, 4
  13              		.thumb
  14              		.file	"system_stm32f10x.c"
  15              		.text
  16              	.Ltext0:
  17              		.cfi_sections	.debug_frame
  18              		.global	SystemCoreClock
  19              		.section	.data.SystemCoreClock,"aw",%progbits
  20              		.align	2
  23              	SystemCoreClock:
  24 0000 00366E01 		.word	24000000
  25              		.global	AHBPrescTable
  26              		.section	.data.AHBPrescTable,"aw",%progbits
  27              		.align	2
  30              	AHBPrescTable:
  31 0000 00       		.byte	0
  32 0001 00       		.byte	0
  33 0002 00       		.byte	0
  34 0003 00       		.byte	0
  35 0004 00       		.byte	0
  36 0005 00       		.byte	0
  37 0006 00       		.byte	0
  38 0007 00       		.byte	0
  39 0008 01       		.byte	1
  40 0009 02       		.byte	2
  41 000a 03       		.byte	3
  42 000b 04       		.byte	4
  43 000c 06       		.byte	6
  44 000d 07       		.byte	7
  45 000e 08       		.byte	8
  46 000f 09       		.byte	9
  47              		.section	.text.SystemInit,"ax",%progbits
  48              		.align	2
  49              		.global	SystemInit
  50              		.thumb
  51              		.thumb_func
  53              	SystemInit:
  54              	.LFB29:
  55              		.file 1 "../libs/CMSIS/system_stm32f10x.c"
   1:../libs/CMSIS/system_stm32f10x.c **** /**
   2:../libs/CMSIS/system_stm32f10x.c ****   ******************************************************************************
   3:../libs/CMSIS/system_stm32f10x.c ****   * @file    system_stm32f10x.c
   4:../libs/CMSIS/system_stm32f10x.c ****   * @author  MCD Application Team
   5:../libs/CMSIS/system_stm32f10x.c ****   * @version V3.5.0
   6:../libs/CMSIS/system_stm32f10x.c ****   * @date    11-March-2011
   7:../libs/CMSIS/system_stm32f10x.c ****   * @brief   CMSIS Cortex-M3 Device Peripheral Access Layer System Source File.
   8:../libs/CMSIS/system_stm32f10x.c ****   * 
   9:../libs/CMSIS/system_stm32f10x.c ****   * 1.  This file provides two functions and one global variable to be called from 
  10:../libs/CMSIS/system_stm32f10x.c ****   *     user application:
  11:../libs/CMSIS/system_stm32f10x.c ****   *      - SystemInit(): Setups the system clock (System clock source, PLL Multiplier
  12:../libs/CMSIS/system_stm32f10x.c ****   *                      factors, AHB/APBx prescalers and Flash settings). 
  13:../libs/CMSIS/system_stm32f10x.c ****   *                      This function is called at startup just after reset and 
  14:../libs/CMSIS/system_stm32f10x.c ****   *                      before branch to main program. This call is made inside
  15:../libs/CMSIS/system_stm32f10x.c ****   *                      the "startup_stm32f10x_xx.s" file.
  16:../libs/CMSIS/system_stm32f10x.c ****   *
  17:../libs/CMSIS/system_stm32f10x.c ****   *      - SystemCoreClock variable: Contains the core clock (HCLK), it can be used
  18:../libs/CMSIS/system_stm32f10x.c ****   *                                  by the user application to setup the SysTick 
  19:../libs/CMSIS/system_stm32f10x.c ****   *                                  timer or configure other parameters.
  20:../libs/CMSIS/system_stm32f10x.c ****   *                                     
  21:../libs/CMSIS/system_stm32f10x.c ****   *      - SystemCoreClockUpdate(): Updates the variable SystemCoreClock and must
  22:../libs/CMSIS/system_stm32f10x.c ****   *                                 be called whenever the core clock is changed
  23:../libs/CMSIS/system_stm32f10x.c ****   *                                 during program execution.
  24:../libs/CMSIS/system_stm32f10x.c ****   *
  25:../libs/CMSIS/system_stm32f10x.c ****   * 2. After each device reset the HSI (8 MHz) is used as system clock source.
  26:../libs/CMSIS/system_stm32f10x.c ****   *    Then SystemInit() function is called, in "startup_stm32f10x_xx.s" file, to
  27:../libs/CMSIS/system_stm32f10x.c ****   *    configure the system clock before to branch to main program.
  28:../libs/CMSIS/system_stm32f10x.c ****   *
  29:../libs/CMSIS/system_stm32f10x.c ****   * 3. If the system clock source selected by user fails to startup, the SystemInit()
  30:../libs/CMSIS/system_stm32f10x.c ****   *    function will do nothing and HSI still used as system clock source. User can 
  31:../libs/CMSIS/system_stm32f10x.c ****   *    add some code to deal with this issue inside the SetSysClock() function.
  32:../libs/CMSIS/system_stm32f10x.c ****   *
  33:../libs/CMSIS/system_stm32f10x.c ****   * 4. The default value of HSE crystal is set to 8 MHz (or 25 MHz, depedning on
  34:../libs/CMSIS/system_stm32f10x.c ****   *    the product used), refer to "HSE_VALUE" define in "stm32f10x.h" file. 
  35:../libs/CMSIS/system_stm32f10x.c ****   *    When HSE is used as system clock source, directly or through PLL, and you
  36:../libs/CMSIS/system_stm32f10x.c ****   *    are using different crystal you have to adapt the HSE value to your own
  37:../libs/CMSIS/system_stm32f10x.c ****   *    configuration.
  38:../libs/CMSIS/system_stm32f10x.c ****   *        
  39:../libs/CMSIS/system_stm32f10x.c ****   ******************************************************************************
  40:../libs/CMSIS/system_stm32f10x.c ****   * @attention
  41:../libs/CMSIS/system_stm32f10x.c ****   *
  42:../libs/CMSIS/system_stm32f10x.c ****   * THE PRESENT FIRMWARE WHICH IS FOR GUIDANCE ONLY AIMS AT PROVIDING CUSTOMERS
  43:../libs/CMSIS/system_stm32f10x.c ****   * WITH CODING INFORMATION REGARDING THEIR PRODUCTS IN ORDER FOR THEM TO SAVE
  44:../libs/CMSIS/system_stm32f10x.c ****   * TIME. AS A RESULT, STMICROELECTRONICS SHALL NOT BE HELD LIABLE FOR ANY
  45:../libs/CMSIS/system_stm32f10x.c ****   * DIRECT, INDIRECT OR CONSEQUENTIAL DAMAGES WITH RESPECT TO ANY CLAIMS ARISING
  46:../libs/CMSIS/system_stm32f10x.c ****   * FROM THE CONTENT OF SUCH FIRMWARE AND/OR THE USE MADE BY CUSTOMERS OF THE
  47:../libs/CMSIS/system_stm32f10x.c ****   * CODING INFORMATION CONTAINED HEREIN IN CONNECTION WITH THEIR PRODUCTS.
  48:../libs/CMSIS/system_stm32f10x.c ****   *
  49:../libs/CMSIS/system_stm32f10x.c ****   * <h2><center>&copy; COPYRIGHT 2011 STMicroelectronics</center></h2>
  50:../libs/CMSIS/system_stm32f10x.c ****   ******************************************************************************
  51:../libs/CMSIS/system_stm32f10x.c ****   */
  52:../libs/CMSIS/system_stm32f10x.c **** 
  53:../libs/CMSIS/system_stm32f10x.c **** /** @addtogroup CMSIS
  54:../libs/CMSIS/system_stm32f10x.c ****   * @{
  55:../libs/CMSIS/system_stm32f10x.c ****   */
  56:../libs/CMSIS/system_stm32f10x.c **** 
  57:../libs/CMSIS/system_stm32f10x.c **** /** @addtogroup stm32f10x_system
  58:../libs/CMSIS/system_stm32f10x.c ****   * @{
  59:../libs/CMSIS/system_stm32f10x.c ****   */  
  60:../libs/CMSIS/system_stm32f10x.c ****   
  61:../libs/CMSIS/system_stm32f10x.c **** /** @addtogroup STM32F10x_System_Private_Includes
  62:../libs/CMSIS/system_stm32f10x.c ****   * @{
  63:../libs/CMSIS/system_stm32f10x.c ****   */
  64:../libs/CMSIS/system_stm32f10x.c **** 
  65:../libs/CMSIS/system_stm32f10x.c **** #include "stm32f10x.h"
  66:../libs/CMSIS/system_stm32f10x.c **** 
  67:../libs/CMSIS/system_stm32f10x.c **** /**
  68:../libs/CMSIS/system_stm32f10x.c ****   * @}
  69:../libs/CMSIS/system_stm32f10x.c ****   */
  70:../libs/CMSIS/system_stm32f10x.c **** 
  71:../libs/CMSIS/system_stm32f10x.c **** /** @addtogroup STM32F10x_System_Private_TypesDefinitions
  72:../libs/CMSIS/system_stm32f10x.c ****   * @{
  73:../libs/CMSIS/system_stm32f10x.c ****   */
  74:../libs/CMSIS/system_stm32f10x.c **** 
  75:../libs/CMSIS/system_stm32f10x.c **** /**
  76:../libs/CMSIS/system_stm32f10x.c ****   * @}
  77:../libs/CMSIS/system_stm32f10x.c ****   */
  78:../libs/CMSIS/system_stm32f10x.c **** 
  79:../libs/CMSIS/system_stm32f10x.c **** /** @addtogroup STM32F10x_System_Private_Defines
  80:../libs/CMSIS/system_stm32f10x.c ****   * @{
  81:../libs/CMSIS/system_stm32f10x.c ****   */
  82:../libs/CMSIS/system_stm32f10x.c **** 
  83:../libs/CMSIS/system_stm32f10x.c **** /*!< Uncomment the line corresponding to the desired System clock (SYSCLK)
  84:../libs/CMSIS/system_stm32f10x.c ****    frequency (after reset the HSI is used as SYSCLK source)
  85:../libs/CMSIS/system_stm32f10x.c ****    
  86:../libs/CMSIS/system_stm32f10x.c ****    IMPORTANT NOTE:
  87:../libs/CMSIS/system_stm32f10x.c ****    ============== 
  88:../libs/CMSIS/system_stm32f10x.c ****    1. After each device reset the HSI is used as System clock source.
  89:../libs/CMSIS/system_stm32f10x.c **** 
  90:../libs/CMSIS/system_stm32f10x.c ****    2. Please make sure that the selected System clock doesn't exceed your device's
  91:../libs/CMSIS/system_stm32f10x.c ****       maximum frequency.
  92:../libs/CMSIS/system_stm32f10x.c ****       
  93:../libs/CMSIS/system_stm32f10x.c ****    3. If none of the define below is enabled, the HSI is used as System clock
  94:../libs/CMSIS/system_stm32f10x.c ****     source.
  95:../libs/CMSIS/system_stm32f10x.c **** 
  96:../libs/CMSIS/system_stm32f10x.c ****    4. The System clock configuration functions provided within this file assume that:
  97:../libs/CMSIS/system_stm32f10x.c ****         - For Low, Medium and High density Value line devices an external 8MHz 
  98:../libs/CMSIS/system_stm32f10x.c ****           crystal is used to drive the System clock.
  99:../libs/CMSIS/system_stm32f10x.c ****         - For Low, Medium and High density devices an external 8MHz crystal is
 100:../libs/CMSIS/system_stm32f10x.c ****           used to drive the System clock.
 101:../libs/CMSIS/system_stm32f10x.c ****         - For Connectivity line devices an external 25MHz crystal is used to drive
 102:../libs/CMSIS/system_stm32f10x.c ****           the System clock.
 103:../libs/CMSIS/system_stm32f10x.c ****      If you are using different crystal you have to adapt those functions accordingly.
 104:../libs/CMSIS/system_stm32f10x.c ****     */
 105:../libs/CMSIS/system_stm32f10x.c ****     
 106:../libs/CMSIS/system_stm32f10x.c **** #if defined (STM32F10X_LD_VL) || (defined STM32F10X_MD_VL) || (defined STM32F10X_HD_VL)
 107:../libs/CMSIS/system_stm32f10x.c **** /* #define SYSCLK_FREQ_HSE    HSE_VALUE */
 108:../libs/CMSIS/system_stm32f10x.c ****  #define SYSCLK_FREQ_24MHz  24000000
 109:../libs/CMSIS/system_stm32f10x.c **** #else
 110:../libs/CMSIS/system_stm32f10x.c **** /* #define SYSCLK_FREQ_HSE    HSE_VALUE */
 111:../libs/CMSIS/system_stm32f10x.c **** /* #define SYSCLK_FREQ_24MHz  24000000 */ 
 112:../libs/CMSIS/system_stm32f10x.c **** /* #define SYSCLK_FREQ_36MHz  36000000 */
 113:../libs/CMSIS/system_stm32f10x.c **** /* #define SYSCLK_FREQ_48MHz  48000000 */
 114:../libs/CMSIS/system_stm32f10x.c **** /* #define SYSCLK_FREQ_56MHz  56000000 */
 115:../libs/CMSIS/system_stm32f10x.c **** #define SYSCLK_FREQ_72MHz  72000000
 116:../libs/CMSIS/system_stm32f10x.c **** #endif
 117:../libs/CMSIS/system_stm32f10x.c **** 
 118:../libs/CMSIS/system_stm32f10x.c **** /*!< Uncomment the following line if you need to use external SRAM mounted
 119:../libs/CMSIS/system_stm32f10x.c ****      on STM3210E-EVAL board (STM32 High density and XL-density devices) or on 
 120:../libs/CMSIS/system_stm32f10x.c ****      STM32100E-EVAL board (STM32 High-density value line devices) as data memory */ 
 121:../libs/CMSIS/system_stm32f10x.c **** #if defined (STM32F10X_HD) || (defined STM32F10X_XL) || (defined STM32F10X_HD_VL)
 122:../libs/CMSIS/system_stm32f10x.c **** /* #define DATA_IN_ExtSRAM */
 123:../libs/CMSIS/system_stm32f10x.c **** #endif
 124:../libs/CMSIS/system_stm32f10x.c **** 
 125:../libs/CMSIS/system_stm32f10x.c **** /*!< Uncomment the following line if you need to relocate your vector Table in
 126:../libs/CMSIS/system_stm32f10x.c ****      Internal SRAM. */ 
 127:../libs/CMSIS/system_stm32f10x.c **** /* #define VECT_TAB_SRAM */
 128:../libs/CMSIS/system_stm32f10x.c **** #define VECT_TAB_OFFSET  0x0 /*!< Vector Table base offset field. 
 129:../libs/CMSIS/system_stm32f10x.c ****                                   This value must be a multiple of 0x200. */
 130:../libs/CMSIS/system_stm32f10x.c **** 
 131:../libs/CMSIS/system_stm32f10x.c **** 
 132:../libs/CMSIS/system_stm32f10x.c **** /**
 133:../libs/CMSIS/system_stm32f10x.c ****   * @}
 134:../libs/CMSIS/system_stm32f10x.c ****   */
 135:../libs/CMSIS/system_stm32f10x.c **** 
 136:../libs/CMSIS/system_stm32f10x.c **** /** @addtogroup STM32F10x_System_Private_Macros
 137:../libs/CMSIS/system_stm32f10x.c ****   * @{
 138:../libs/CMSIS/system_stm32f10x.c ****   */
 139:../libs/CMSIS/system_stm32f10x.c **** 
 140:../libs/CMSIS/system_stm32f10x.c **** /**
 141:../libs/CMSIS/system_stm32f10x.c ****   * @}
 142:../libs/CMSIS/system_stm32f10x.c ****   */
 143:../libs/CMSIS/system_stm32f10x.c **** 
 144:../libs/CMSIS/system_stm32f10x.c **** /** @addtogroup STM32F10x_System_Private_Variables
 145:../libs/CMSIS/system_stm32f10x.c ****   * @{
 146:../libs/CMSIS/system_stm32f10x.c ****   */
 147:../libs/CMSIS/system_stm32f10x.c **** 
 148:../libs/CMSIS/system_stm32f10x.c **** /*******************************************************************************
 149:../libs/CMSIS/system_stm32f10x.c **** *  Clock Definitions
 150:../libs/CMSIS/system_stm32f10x.c **** *******************************************************************************/
 151:../libs/CMSIS/system_stm32f10x.c **** #ifdef SYSCLK_FREQ_HSE
 152:../libs/CMSIS/system_stm32f10x.c ****   uint32_t SystemCoreClock         = SYSCLK_FREQ_HSE;        /*!< System Clock Frequency (Core Cloc
 153:../libs/CMSIS/system_stm32f10x.c **** #elif defined SYSCLK_FREQ_24MHz
 154:../libs/CMSIS/system_stm32f10x.c ****   uint32_t SystemCoreClock         = SYSCLK_FREQ_24MHz;        /*!< System Clock Frequency (Core Cl
 155:../libs/CMSIS/system_stm32f10x.c **** #elif defined SYSCLK_FREQ_36MHz
 156:../libs/CMSIS/system_stm32f10x.c ****   uint32_t SystemCoreClock         = SYSCLK_FREQ_36MHz;        /*!< System Clock Frequency (Core Cl
 157:../libs/CMSIS/system_stm32f10x.c **** #elif defined SYSCLK_FREQ_48MHz
 158:../libs/CMSIS/system_stm32f10x.c ****   uint32_t SystemCoreClock         = SYSCLK_FREQ_48MHz;        /*!< System Clock Frequency (Core Cl
 159:../libs/CMSIS/system_stm32f10x.c **** #elif defined SYSCLK_FREQ_56MHz
 160:../libs/CMSIS/system_stm32f10x.c ****   uint32_t SystemCoreClock         = SYSCLK_FREQ_56MHz;        /*!< System Clock Frequency (Core Cl
 161:../libs/CMSIS/system_stm32f10x.c **** #elif defined SYSCLK_FREQ_72MHz
 162:../libs/CMSIS/system_stm32f10x.c ****   uint32_t SystemCoreClock         = SYSCLK_FREQ_72MHz;        /*!< System Clock Frequency (Core Cl
 163:../libs/CMSIS/system_stm32f10x.c **** #else /*!< HSI Selected as System Clock source */
 164:../libs/CMSIS/system_stm32f10x.c ****   uint32_t SystemCoreClock         = HSI_VALUE;        /*!< System Clock Frequency (Core Clock) */
 165:../libs/CMSIS/system_stm32f10x.c **** #endif
 166:../libs/CMSIS/system_stm32f10x.c **** 
 167:../libs/CMSIS/system_stm32f10x.c **** __I uint8_t AHBPrescTable[16] = {0, 0, 0, 0, 0, 0, 0, 0, 1, 2, 3, 4, 6, 7, 8, 9};
 168:../libs/CMSIS/system_stm32f10x.c **** /**
 169:../libs/CMSIS/system_stm32f10x.c ****   * @}
 170:../libs/CMSIS/system_stm32f10x.c ****   */
 171:../libs/CMSIS/system_stm32f10x.c **** 
 172:../libs/CMSIS/system_stm32f10x.c **** /** @addtogroup STM32F10x_System_Private_FunctionPrototypes
 173:../libs/CMSIS/system_stm32f10x.c ****   * @{
 174:../libs/CMSIS/system_stm32f10x.c ****   */
 175:../libs/CMSIS/system_stm32f10x.c **** 
 176:../libs/CMSIS/system_stm32f10x.c **** static void SetSysClock(void);
 177:../libs/CMSIS/system_stm32f10x.c **** 
 178:../libs/CMSIS/system_stm32f10x.c **** #ifdef SYSCLK_FREQ_HSE
 179:../libs/CMSIS/system_stm32f10x.c ****   static void SetSysClockToHSE(void);
 180:../libs/CMSIS/system_stm32f10x.c **** #elif defined SYSCLK_FREQ_24MHz
 181:../libs/CMSIS/system_stm32f10x.c ****   static void SetSysClockTo24(void);
 182:../libs/CMSIS/system_stm32f10x.c **** #elif defined SYSCLK_FREQ_36MHz
 183:../libs/CMSIS/system_stm32f10x.c ****   static void SetSysClockTo36(void);
 184:../libs/CMSIS/system_stm32f10x.c **** #elif defined SYSCLK_FREQ_48MHz
 185:../libs/CMSIS/system_stm32f10x.c ****   static void SetSysClockTo48(void);
 186:../libs/CMSIS/system_stm32f10x.c **** #elif defined SYSCLK_FREQ_56MHz
 187:../libs/CMSIS/system_stm32f10x.c ****   static void SetSysClockTo56(void);  
 188:../libs/CMSIS/system_stm32f10x.c **** #elif defined SYSCLK_FREQ_72MHz
 189:../libs/CMSIS/system_stm32f10x.c ****   static void SetSysClockTo72(void);
 190:../libs/CMSIS/system_stm32f10x.c **** #endif
 191:../libs/CMSIS/system_stm32f10x.c **** 
 192:../libs/CMSIS/system_stm32f10x.c **** #ifdef DATA_IN_ExtSRAM
 193:../libs/CMSIS/system_stm32f10x.c ****   static void SystemInit_ExtMemCtl(void); 
 194:../libs/CMSIS/system_stm32f10x.c **** #endif /* DATA_IN_ExtSRAM */
 195:../libs/CMSIS/system_stm32f10x.c **** 
 196:../libs/CMSIS/system_stm32f10x.c **** /**
 197:../libs/CMSIS/system_stm32f10x.c ****   * @}
 198:../libs/CMSIS/system_stm32f10x.c ****   */
 199:../libs/CMSIS/system_stm32f10x.c **** 
 200:../libs/CMSIS/system_stm32f10x.c **** /** @addtogroup STM32F10x_System_Private_Functions
 201:../libs/CMSIS/system_stm32f10x.c ****   * @{
 202:../libs/CMSIS/system_stm32f10x.c ****   */
 203:../libs/CMSIS/system_stm32f10x.c **** 
 204:../libs/CMSIS/system_stm32f10x.c **** /**
 205:../libs/CMSIS/system_stm32f10x.c ****   * @brief  Setup the microcontroller system
 206:../libs/CMSIS/system_stm32f10x.c ****   *         Initialize the Embedded Flash Interface, the PLL and update the 
 207:../libs/CMSIS/system_stm32f10x.c ****   *         SystemCoreClock variable.
 208:../libs/CMSIS/system_stm32f10x.c ****   * @note   This function should be used only after reset.
 209:../libs/CMSIS/system_stm32f10x.c ****   * @param  None
 210:../libs/CMSIS/system_stm32f10x.c ****   * @retval None
 211:../libs/CMSIS/system_stm32f10x.c ****   */
 212:../libs/CMSIS/system_stm32f10x.c **** void SystemInit (void)
 213:../libs/CMSIS/system_stm32f10x.c **** {
  56              		.loc 1 213 0
  57              		.cfi_startproc
  58              		@ args = 0, pretend = 0, frame = 0
  59              		@ frame_needed = 1, uses_anonymous_args = 0
  60 0000 80B5     		push	{r7, lr}
  61              	.LCFI0:
  62              		.cfi_def_cfa_offset 8
  63              		.cfi_offset 7, -8
  64              		.cfi_offset 14, -4
  65 0002 00AF     		add	r7, sp, #0
  66              	.LCFI1:
  67              		.cfi_def_cfa_register 7
 214:../libs/CMSIS/system_stm32f10x.c ****   /* Reset the RCC clock configuration to the default reset state(for debug purpose) */
 215:../libs/CMSIS/system_stm32f10x.c ****   /* Set HSION bit */
 216:../libs/CMSIS/system_stm32f10x.c ****   RCC->CR |= (uint32_t)0x00000001;
  68              		.loc 1 216 0
  69 0004 174B     		ldr	r3, .L2
  70 0006 174A     		ldr	r2, .L2
  71 0008 1268     		ldr	r2, [r2, #0]
  72 000a 42F00102 		orr	r2, r2, #1
  73 000e 1A60     		str	r2, [r3, #0]
 217:../libs/CMSIS/system_stm32f10x.c **** 
 218:../libs/CMSIS/system_stm32f10x.c ****   /* Reset SW, HPRE, PPRE1, PPRE2, ADCPRE and MCO bits */
 219:../libs/CMSIS/system_stm32f10x.c **** #ifndef STM32F10X_CL
 220:../libs/CMSIS/system_stm32f10x.c ****   RCC->CFGR &= (uint32_t)0xF8FF0000;
  74              		.loc 1 220 0
  75 0010 144A     		ldr	r2, .L2
  76 0012 144B     		ldr	r3, .L2
  77 0014 5968     		ldr	r1, [r3, #4]
  78 0016 144B     		ldr	r3, .L2+4
  79 0018 0B40     		ands	r3, r3, r1
  80 001a 5360     		str	r3, [r2, #4]
 221:../libs/CMSIS/system_stm32f10x.c **** #else
 222:../libs/CMSIS/system_stm32f10x.c ****   RCC->CFGR &= (uint32_t)0xF0FF0000;
 223:../libs/CMSIS/system_stm32f10x.c **** #endif /* STM32F10X_CL */   
 224:../libs/CMSIS/system_stm32f10x.c ****   
 225:../libs/CMSIS/system_stm32f10x.c ****   /* Reset HSEON, CSSON and PLLON bits */
 226:../libs/CMSIS/system_stm32f10x.c ****   RCC->CR &= (uint32_t)0xFEF6FFFF;
  81              		.loc 1 226 0
  82 001c 114A     		ldr	r2, .L2
  83 001e 114B     		ldr	r3, .L2
  84 0020 1B68     		ldr	r3, [r3, #0]
  85 0022 23F08473 		bic	r3, r3, #17301504
  86 0026 23F48033 		bic	r3, r3, #65536
  87 002a 1360     		str	r3, [r2, #0]
 227:../libs/CMSIS/system_stm32f10x.c **** 
 228:../libs/CMSIS/system_stm32f10x.c ****   /* Reset HSEBYP bit */
 229:../libs/CMSIS/system_stm32f10x.c ****   RCC->CR &= (uint32_t)0xFFFBFFFF;
  88              		.loc 1 229 0
  89 002c 0D4B     		ldr	r3, .L2
  90 002e 0D4A     		ldr	r2, .L2
  91 0030 1268     		ldr	r2, [r2, #0]
  92 0032 22F48022 		bic	r2, r2, #262144
  93 0036 1A60     		str	r2, [r3, #0]
 230:../libs/CMSIS/system_stm32f10x.c **** 
 231:../libs/CMSIS/system_stm32f10x.c ****   /* Reset PLLSRC, PLLXTPRE, PLLMUL and USBPRE/OTGFSPRE bits */
 232:../libs/CMSIS/system_stm32f10x.c ****   RCC->CFGR &= (uint32_t)0xFF80FFFF;
  94              		.loc 1 232 0
  95 0038 0A4B     		ldr	r3, .L2
  96 003a 0A4A     		ldr	r2, .L2
  97 003c 5268     		ldr	r2, [r2, #4]
  98 003e 22F4FE02 		bic	r2, r2, #8323072
  99 0042 5A60     		str	r2, [r3, #4]
 233:../libs/CMSIS/system_stm32f10x.c **** 
 234:../libs/CMSIS/system_stm32f10x.c **** #ifdef STM32F10X_CL
 235:../libs/CMSIS/system_stm32f10x.c ****   /* Reset PLL2ON and PLL3ON bits */
 236:../libs/CMSIS/system_stm32f10x.c ****   RCC->CR &= (uint32_t)0xEBFFFFFF;
 237:../libs/CMSIS/system_stm32f10x.c **** 
 238:../libs/CMSIS/system_stm32f10x.c ****   /* Disable all interrupts and clear pending bits  */
 239:../libs/CMSIS/system_stm32f10x.c ****   RCC->CIR = 0x00FF0000;
 240:../libs/CMSIS/system_stm32f10x.c **** 
 241:../libs/CMSIS/system_stm32f10x.c ****   /* Reset CFGR2 register */
 242:../libs/CMSIS/system_stm32f10x.c ****   RCC->CFGR2 = 0x00000000;
 243:../libs/CMSIS/system_stm32f10x.c **** #elif defined (STM32F10X_LD_VL) || defined (STM32F10X_MD_VL) || (defined STM32F10X_HD_VL)
 244:../libs/CMSIS/system_stm32f10x.c ****   /* Disable all interrupts and clear pending bits  */
 245:../libs/CMSIS/system_stm32f10x.c ****   RCC->CIR = 0x009F0000;
 100              		.loc 1 245 0
 101 0044 074B     		ldr	r3, .L2
 102 0046 4FF41F02 		mov	r2, #10420224
 103 004a 9A60     		str	r2, [r3, #8]
 246:../libs/CMSIS/system_stm32f10x.c **** 
 247:../libs/CMSIS/system_stm32f10x.c ****   /* Reset CFGR2 register */
 248:../libs/CMSIS/system_stm32f10x.c ****   RCC->CFGR2 = 0x00000000;      
 104              		.loc 1 248 0
 105 004c 054B     		ldr	r3, .L2
 106 004e 4FF00002 		mov	r2, #0
 107 0052 DA62     		str	r2, [r3, #44]
 249:../libs/CMSIS/system_stm32f10x.c **** #else
 250:../libs/CMSIS/system_stm32f10x.c ****   /* Disable all interrupts and clear pending bits  */
 251:../libs/CMSIS/system_stm32f10x.c ****   RCC->CIR = 0x009F0000;
 252:../libs/CMSIS/system_stm32f10x.c **** #endif /* STM32F10X_CL */
 253:../libs/CMSIS/system_stm32f10x.c ****     
 254:../libs/CMSIS/system_stm32f10x.c **** #if defined (STM32F10X_HD) || (defined STM32F10X_XL) || (defined STM32F10X_HD_VL)
 255:../libs/CMSIS/system_stm32f10x.c ****   #ifdef DATA_IN_ExtSRAM
 256:../libs/CMSIS/system_stm32f10x.c ****     SystemInit_ExtMemCtl(); 
 257:../libs/CMSIS/system_stm32f10x.c ****   #endif /* DATA_IN_ExtSRAM */
 258:../libs/CMSIS/system_stm32f10x.c **** #endif 
 259:../libs/CMSIS/system_stm32f10x.c **** 
 260:../libs/CMSIS/system_stm32f10x.c ****   /* Configure the System clock frequency, HCLK, PCLK2 and PCLK1 prescalers */
 261:../libs/CMSIS/system_stm32f10x.c ****   /* Configure the Flash Latency cycles and enable prefetch buffer */
 262:../libs/CMSIS/system_stm32f10x.c ****   SetSysClock();
 108              		.loc 1 262 0
 109 0054 FFF7FEFF 		bl	SetSysClock
 263:../libs/CMSIS/system_stm32f10x.c **** 
 264:../libs/CMSIS/system_stm32f10x.c **** #ifdef VECT_TAB_SRAM
 265:../libs/CMSIS/system_stm32f10x.c ****   SCB->VTOR = SRAM_BASE | VECT_TAB_OFFSET; /* Vector Table Relocation in Internal SRAM. */
 266:../libs/CMSIS/system_stm32f10x.c **** #else
 267:../libs/CMSIS/system_stm32f10x.c ****   SCB->VTOR = FLASH_BASE | VECT_TAB_OFFSET; /* Vector Table Relocation in Internal FLASH. */
 110              		.loc 1 267 0
 111 0058 044B     		ldr	r3, .L2+8
 112 005a 4FF00062 		mov	r2, #134217728
 113 005e 9A60     		str	r2, [r3, #8]
 268:../libs/CMSIS/system_stm32f10x.c **** #endif 
 269:../libs/CMSIS/system_stm32f10x.c **** }
 114              		.loc 1 269 0
 115 0060 80BD     		pop	{r7, pc}
 116              	.L3:
 117 0062 00BF     		.align	2
 118              	.L2:
 119 0064 00100240 		.word	1073876992
 120 0068 0000FFF8 		.word	-117506048
 121 006c 00ED00E0 		.word	-536810240
 122              		.cfi_endproc
 123              	.LFE29:
 125              		.section	.text.SystemCoreClockUpdate,"ax",%progbits
 126              		.align	2
 127              		.global	SystemCoreClockUpdate
 128              		.thumb
 129              		.thumb_func
 131              	SystemCoreClockUpdate:
 132              	.LFB30:
 270:../libs/CMSIS/system_stm32f10x.c **** 
 271:../libs/CMSIS/system_stm32f10x.c **** /**
 272:../libs/CMSIS/system_stm32f10x.c ****   * @brief  Update SystemCoreClock variable according to Clock Register Values.
 273:../libs/CMSIS/system_stm32f10x.c ****   *         The SystemCoreClock variable contains the core clock (HCLK), it can
 274:../libs/CMSIS/system_stm32f10x.c ****   *         be used by the user application to setup the SysTick timer or configure
 275:../libs/CMSIS/system_stm32f10x.c ****   *         other parameters.
 276:../libs/CMSIS/system_stm32f10x.c ****   *           
 277:../libs/CMSIS/system_stm32f10x.c ****   * @note   Each time the core clock (HCLK) changes, this function must be called
 278:../libs/CMSIS/system_stm32f10x.c ****   *         to update SystemCoreClock variable value. Otherwise, any configuration
 279:../libs/CMSIS/system_stm32f10x.c ****   *         based on this variable will be incorrect.         
 280:../libs/CMSIS/system_stm32f10x.c ****   *     
 281:../libs/CMSIS/system_stm32f10x.c ****   * @note   - The system frequency computed by this function is not the real 
 282:../libs/CMSIS/system_stm32f10x.c ****   *           frequency in the chip. It is calculated based on the predefined 
 283:../libs/CMSIS/system_stm32f10x.c ****   *           constant and the selected clock source:
 284:../libs/CMSIS/system_stm32f10x.c ****   *             
 285:../libs/CMSIS/system_stm32f10x.c ****   *           - If SYSCLK source is HSI, SystemCoreClock will contain the HSI_VALUE(*)
 286:../libs/CMSIS/system_stm32f10x.c ****   *                                              
 287:../libs/CMSIS/system_stm32f10x.c ****   *           - If SYSCLK source is HSE, SystemCoreClock will contain the HSE_VALUE(**)
 288:../libs/CMSIS/system_stm32f10x.c ****   *                          
 289:../libs/CMSIS/system_stm32f10x.c ****   *           - If SYSCLK source is PLL, SystemCoreClock will contain the HSE_VALUE(**) 
 290:../libs/CMSIS/system_stm32f10x.c ****   *             or HSI_VALUE(*) multiplied by the PLL factors.
 291:../libs/CMSIS/system_stm32f10x.c ****   *         
 292:../libs/CMSIS/system_stm32f10x.c ****   *         (*) HSI_VALUE is a constant defined in stm32f1xx.h file (default value
 293:../libs/CMSIS/system_stm32f10x.c ****   *             8 MHz) but the real value may vary depending on the variations
 294:../libs/CMSIS/system_stm32f10x.c ****   *             in voltage and temperature.   
 295:../libs/CMSIS/system_stm32f10x.c ****   *    
 296:../libs/CMSIS/system_stm32f10x.c ****   *         (**) HSE_VALUE is a constant defined in stm32f1xx.h file (default value
 297:../libs/CMSIS/system_stm32f10x.c ****   *              8 MHz or 25 MHz, depedning on the product used), user has to ensure
 298:../libs/CMSIS/system_stm32f10x.c ****   *              that HSE_VALUE is same as the real frequency of the crystal used.
 299:../libs/CMSIS/system_stm32f10x.c ****   *              Otherwise, this function may have wrong result.
 300:../libs/CMSIS/system_stm32f10x.c ****   *                
 301:../libs/CMSIS/system_stm32f10x.c ****   *         - The result of this function could be not correct when using fractional
 302:../libs/CMSIS/system_stm32f10x.c ****   *           value for HSE crystal.
 303:../libs/CMSIS/system_stm32f10x.c ****   * @param  None
 304:../libs/CMSIS/system_stm32f10x.c ****   * @retval None
 305:../libs/CMSIS/system_stm32f10x.c ****   */
 306:../libs/CMSIS/system_stm32f10x.c **** void SystemCoreClockUpdate (void)
 307:../libs/CMSIS/system_stm32f10x.c **** {
 133              		.loc 1 307 0
 134              		.cfi_startproc
 135              		@ args = 0, pretend = 0, frame = 16
 136              		@ frame_needed = 1, uses_anonymous_args = 0
 137              		@ link register save eliminated.
 138 0000 80B4     		push	{r7}
 139              	.LCFI2:
 140              		.cfi_def_cfa_offset 4
 141              		.cfi_offset 7, -4
 142 0002 85B0     		sub	sp, sp, #20
 143              	.LCFI3:
 144              		.cfi_def_cfa_offset 24
 145 0004 00AF     		add	r7, sp, #0
 146              	.LCFI4:
 147              		.cfi_def_cfa_register 7
 308:../libs/CMSIS/system_stm32f10x.c ****   uint32_t tmp = 0, pllmull = 0, pllsource = 0;
 148              		.loc 1 308 0
 149 0006 4FF00003 		mov	r3, #0
 150 000a FB60     		str	r3, [r7, #12]
 151 000c 4FF00003 		mov	r3, #0
 152 0010 BB60     		str	r3, [r7, #8]
 153 0012 4FF00003 		mov	r3, #0
 154 0016 7B60     		str	r3, [r7, #4]
 309:../libs/CMSIS/system_stm32f10x.c **** 
 310:../libs/CMSIS/system_stm32f10x.c **** #ifdef  STM32F10X_CL
 311:../libs/CMSIS/system_stm32f10x.c ****   uint32_t prediv1source = 0, prediv1factor = 0, prediv2factor = 0, pll2mull = 0;
 312:../libs/CMSIS/system_stm32f10x.c **** #endif /* STM32F10X_CL */
 313:../libs/CMSIS/system_stm32f10x.c **** 
 314:../libs/CMSIS/system_stm32f10x.c **** #if defined (STM32F10X_LD_VL) || defined (STM32F10X_MD_VL) || (defined STM32F10X_HD_VL)
 315:../libs/CMSIS/system_stm32f10x.c ****   uint32_t prediv1factor = 0;
 155              		.loc 1 315 0
 156 0018 4FF00003 		mov	r3, #0
 157 001c 3B60     		str	r3, [r7, #0]
 316:../libs/CMSIS/system_stm32f10x.c **** #endif /* STM32F10X_LD_VL or STM32F10X_MD_VL or STM32F10X_HD_VL */
 317:../libs/CMSIS/system_stm32f10x.c ****     
 318:../libs/CMSIS/system_stm32f10x.c ****   /* Get SYSCLK source -------------------------------------------------------*/
 319:../libs/CMSIS/system_stm32f10x.c ****   tmp = RCC->CFGR & RCC_CFGR_SWS;
 158              		.loc 1 319 0
 159 001e 2C4B     		ldr	r3, .L13
 160 0020 5B68     		ldr	r3, [r3, #4]
 161 0022 03F00C03 		and	r3, r3, #12
 162 0026 FB60     		str	r3, [r7, #12]
 320:../libs/CMSIS/system_stm32f10x.c ****   
 321:../libs/CMSIS/system_stm32f10x.c ****   switch (tmp)
 163              		.loc 1 321 0
 164 0028 FB68     		ldr	r3, [r7, #12]
 165 002a 042B     		cmp	r3, #4
 166 002c 07D0     		beq	.L7
 167 002e 082B     		cmp	r3, #8
 168 0030 09D0     		beq	.L8
 169 0032 002B     		cmp	r3, #0
 170 0034 32D1     		bne	.L12
 171              	.L6:
 322:../libs/CMSIS/system_stm32f10x.c ****   {
 323:../libs/CMSIS/system_stm32f10x.c ****     case 0x00:  /* HSI used as system clock */
 324:../libs/CMSIS/system_stm32f10x.c ****       SystemCoreClock = HSI_VALUE;
 172              		.loc 1 324 0
 173 0036 274B     		ldr	r3, .L13+4
 174 0038 274A     		ldr	r2, .L13+8
 175 003a 1A60     		str	r2, [r3, #0]
 325:../libs/CMSIS/system_stm32f10x.c ****       break;
 176              		.loc 1 325 0
 177 003c 32E0     		b	.L9
 178              	.L7:
 326:../libs/CMSIS/system_stm32f10x.c ****     case 0x04:  /* HSE used as system clock */
 327:../libs/CMSIS/system_stm32f10x.c ****       SystemCoreClock = HSE_VALUE;
 179              		.loc 1 327 0
 180 003e 254B     		ldr	r3, .L13+4
 181 0040 254A     		ldr	r2, .L13+8
 182 0042 1A60     		str	r2, [r3, #0]
 328:../libs/CMSIS/system_stm32f10x.c ****       break;
 183              		.loc 1 328 0
 184 0044 2EE0     		b	.L9
 185              	.L8:
 329:../libs/CMSIS/system_stm32f10x.c ****     case 0x08:  /* PLL used as system clock */
 330:../libs/CMSIS/system_stm32f10x.c **** 
 331:../libs/CMSIS/system_stm32f10x.c ****       /* Get PLL clock source and multiplication factor ----------------------*/
 332:../libs/CMSIS/system_stm32f10x.c ****       pllmull = RCC->CFGR & RCC_CFGR_PLLMULL;
 186              		.loc 1 332 0
 187 0046 224B     		ldr	r3, .L13
 188 0048 5B68     		ldr	r3, [r3, #4]
 189 004a 03F47013 		and	r3, r3, #3932160
 190 004e BB60     		str	r3, [r7, #8]
 333:../libs/CMSIS/system_stm32f10x.c ****       pllsource = RCC->CFGR & RCC_CFGR_PLLSRC;
 191              		.loc 1 333 0
 192 0050 1F4B     		ldr	r3, .L13
 193 0052 5B68     		ldr	r3, [r3, #4]
 194 0054 03F48033 		and	r3, r3, #65536
 195 0058 7B60     		str	r3, [r7, #4]
 334:../libs/CMSIS/system_stm32f10x.c ****       
 335:../libs/CMSIS/system_stm32f10x.c **** #ifndef STM32F10X_CL      
 336:../libs/CMSIS/system_stm32f10x.c ****       pllmull = ( pllmull >> 18) + 2;
 196              		.loc 1 336 0
 197 005a BB68     		ldr	r3, [r7, #8]
 198 005c 4FEA9343 		lsr	r3, r3, #18
 199 0060 03F10203 		add	r3, r3, #2
 200 0064 BB60     		str	r3, [r7, #8]
 337:../libs/CMSIS/system_stm32f10x.c ****       
 338:../libs/CMSIS/system_stm32f10x.c ****       if (pllsource == 0x00)
 201              		.loc 1 338 0
 202 0066 7B68     		ldr	r3, [r7, #4]
 203 0068 002B     		cmp	r3, #0
 204 006a 06D1     		bne	.L10
 339:../libs/CMSIS/system_stm32f10x.c ****       {
 340:../libs/CMSIS/system_stm32f10x.c ****         /* HSI oscillator clock divided by 2 selected as PLL clock entry */
 341:../libs/CMSIS/system_stm32f10x.c ****         SystemCoreClock = (HSI_VALUE >> 1) * pllmull;
 205              		.loc 1 341 0
 206 006c BB68     		ldr	r3, [r7, #8]
 207 006e 1B4A     		ldr	r2, .L13+12
 208 0070 02FB03F2 		mul	r2, r2, r3
 209 0074 174B     		ldr	r3, .L13+4
 210 0076 1A60     		str	r2, [r3, #0]
 342:../libs/CMSIS/system_stm32f10x.c ****       }
 343:../libs/CMSIS/system_stm32f10x.c ****       else
 344:../libs/CMSIS/system_stm32f10x.c ****       {
 345:../libs/CMSIS/system_stm32f10x.c ****  #if defined (STM32F10X_LD_VL) || defined (STM32F10X_MD_VL) || (defined STM32F10X_HD_VL)
 346:../libs/CMSIS/system_stm32f10x.c ****        prediv1factor = (RCC->CFGR2 & RCC_CFGR2_PREDIV1) + 1;
 347:../libs/CMSIS/system_stm32f10x.c ****        /* HSE oscillator clock selected as PREDIV1 clock entry */
 348:../libs/CMSIS/system_stm32f10x.c ****        SystemCoreClock = (HSE_VALUE / prediv1factor) * pllmull; 
 349:../libs/CMSIS/system_stm32f10x.c ****  #else
 350:../libs/CMSIS/system_stm32f10x.c ****         /* HSE selected as PLL clock entry */
 351:../libs/CMSIS/system_stm32f10x.c ****         if ((RCC->CFGR & RCC_CFGR_PLLXTPRE) != (uint32_t)RESET)
 352:../libs/CMSIS/system_stm32f10x.c ****         {/* HSE oscillator clock divided by 2 */
 353:../libs/CMSIS/system_stm32f10x.c ****           SystemCoreClock = (HSE_VALUE >> 1) * pllmull;
 354:../libs/CMSIS/system_stm32f10x.c ****         }
 355:../libs/CMSIS/system_stm32f10x.c ****         else
 356:../libs/CMSIS/system_stm32f10x.c ****         {
 357:../libs/CMSIS/system_stm32f10x.c ****           SystemCoreClock = HSE_VALUE * pllmull;
 358:../libs/CMSIS/system_stm32f10x.c ****         }
 359:../libs/CMSIS/system_stm32f10x.c ****  #endif
 360:../libs/CMSIS/system_stm32f10x.c ****       }
 361:../libs/CMSIS/system_stm32f10x.c **** #else
 362:../libs/CMSIS/system_stm32f10x.c ****       pllmull = pllmull >> 18;
 363:../libs/CMSIS/system_stm32f10x.c ****       
 364:../libs/CMSIS/system_stm32f10x.c ****       if (pllmull != 0x0D)
 365:../libs/CMSIS/system_stm32f10x.c ****       {
 366:../libs/CMSIS/system_stm32f10x.c ****          pllmull += 2;
 367:../libs/CMSIS/system_stm32f10x.c ****       }
 368:../libs/CMSIS/system_stm32f10x.c ****       else
 369:../libs/CMSIS/system_stm32f10x.c ****       { /* PLL multiplication factor = PLL input clock * 6.5 */
 370:../libs/CMSIS/system_stm32f10x.c ****         pllmull = 13 / 2; 
 371:../libs/CMSIS/system_stm32f10x.c ****       }
 372:../libs/CMSIS/system_stm32f10x.c ****             
 373:../libs/CMSIS/system_stm32f10x.c ****       if (pllsource == 0x00)
 374:../libs/CMSIS/system_stm32f10x.c ****       {
 375:../libs/CMSIS/system_stm32f10x.c ****         /* HSI oscillator clock divided by 2 selected as PLL clock entry */
 376:../libs/CMSIS/system_stm32f10x.c ****         SystemCoreClock = (HSI_VALUE >> 1) * pllmull;
 377:../libs/CMSIS/system_stm32f10x.c ****       }
 378:../libs/CMSIS/system_stm32f10x.c ****       else
 379:../libs/CMSIS/system_stm32f10x.c ****       {/* PREDIV1 selected as PLL clock entry */
 380:../libs/CMSIS/system_stm32f10x.c ****         
 381:../libs/CMSIS/system_stm32f10x.c ****         /* Get PREDIV1 clock source and division factor */
 382:../libs/CMSIS/system_stm32f10x.c ****         prediv1source = RCC->CFGR2 & RCC_CFGR2_PREDIV1SRC;
 383:../libs/CMSIS/system_stm32f10x.c ****         prediv1factor = (RCC->CFGR2 & RCC_CFGR2_PREDIV1) + 1;
 384:../libs/CMSIS/system_stm32f10x.c ****         
 385:../libs/CMSIS/system_stm32f10x.c ****         if (prediv1source == 0)
 386:../libs/CMSIS/system_stm32f10x.c ****         { 
 387:../libs/CMSIS/system_stm32f10x.c ****           /* HSE oscillator clock selected as PREDIV1 clock entry */
 388:../libs/CMSIS/system_stm32f10x.c ****           SystemCoreClock = (HSE_VALUE / prediv1factor) * pllmull;          
 389:../libs/CMSIS/system_stm32f10x.c ****         }
 390:../libs/CMSIS/system_stm32f10x.c ****         else
 391:../libs/CMSIS/system_stm32f10x.c ****         {/* PLL2 clock selected as PREDIV1 clock entry */
 392:../libs/CMSIS/system_stm32f10x.c ****           
 393:../libs/CMSIS/system_stm32f10x.c ****           /* Get PREDIV2 division factor and PLL2 multiplication factor */
 394:../libs/CMSIS/system_stm32f10x.c ****           prediv2factor = ((RCC->CFGR2 & RCC_CFGR2_PREDIV2) >> 4) + 1;
 395:../libs/CMSIS/system_stm32f10x.c ****           pll2mull = ((RCC->CFGR2 & RCC_CFGR2_PLL2MUL) >> 8 ) + 2; 
 396:../libs/CMSIS/system_stm32f10x.c ****           SystemCoreClock = (((HSE_VALUE / prediv2factor) * pll2mull) / prediv1factor) * pllmull;  
 397:../libs/CMSIS/system_stm32f10x.c ****         }
 398:../libs/CMSIS/system_stm32f10x.c ****       }
 399:../libs/CMSIS/system_stm32f10x.c **** #endif /* STM32F10X_CL */ 
 400:../libs/CMSIS/system_stm32f10x.c ****       break;
 211              		.loc 1 400 0
 212 0078 14E0     		b	.L9
 213              	.L10:
 346:../libs/CMSIS/system_stm32f10x.c ****        prediv1factor = (RCC->CFGR2 & RCC_CFGR2_PREDIV1) + 1;
 214              		.loc 1 346 0
 215 007a 154B     		ldr	r3, .L13
 216 007c DB6A     		ldr	r3, [r3, #44]
 217 007e 03F00F03 		and	r3, r3, #15
 218 0082 03F10103 		add	r3, r3, #1
 219 0086 3B60     		str	r3, [r7, #0]
 348:../libs/CMSIS/system_stm32f10x.c ****        SystemCoreClock = (HSE_VALUE / prediv1factor) * pllmull; 
 220              		.loc 1 348 0
 221 0088 134A     		ldr	r2, .L13+8
 222 008a 3B68     		ldr	r3, [r7, #0]
 223 008c B2FBF3F3 		udiv	r3, r2, r3
 224 0090 BA68     		ldr	r2, [r7, #8]
 225 0092 02FB03F2 		mul	r2, r2, r3
 226 0096 0F4B     		ldr	r3, .L13+4
 227 0098 1A60     		str	r2, [r3, #0]
 228              		.loc 1 400 0
 229 009a 03E0     		b	.L9
 230              	.L12:
 401:../libs/CMSIS/system_stm32f10x.c **** 
 402:../libs/CMSIS/system_stm32f10x.c ****     default:
 403:../libs/CMSIS/system_stm32f10x.c ****       SystemCoreClock = HSI_VALUE;
 231              		.loc 1 403 0
 232 009c 0D4B     		ldr	r3, .L13+4
 233 009e 0E4A     		ldr	r2, .L13+8
 234 00a0 1A60     		str	r2, [r3, #0]
 404:../libs/CMSIS/system_stm32f10x.c ****       break;
 235              		.loc 1 404 0
 236 00a2 00BF     		nop
 237              	.L9:
 405:../libs/CMSIS/system_stm32f10x.c ****   }
 406:../libs/CMSIS/system_stm32f10x.c ****   
 407:../libs/CMSIS/system_stm32f10x.c ****   /* Compute HCLK clock frequency ----------------*/
 408:../libs/CMSIS/system_stm32f10x.c ****   /* Get HCLK prescaler */
 409:../libs/CMSIS/system_stm32f10x.c ****   tmp = AHBPrescTable[((RCC->CFGR & RCC_CFGR_HPRE) >> 4)];
 238              		.loc 1 409 0
 239 00a4 0A4B     		ldr	r3, .L13
 240 00a6 5B68     		ldr	r3, [r3, #4]
 241 00a8 03F0F003 		and	r3, r3, #240
 242 00ac 4FEA1313 		lsr	r3, r3, #4
 243 00b0 0B4A     		ldr	r2, .L13+16
 244 00b2 D35C     		ldrb	r3, [r2, r3]
 245 00b4 DBB2     		uxtb	r3, r3
 246 00b6 FB60     		str	r3, [r7, #12]
 410:../libs/CMSIS/system_stm32f10x.c ****   /* HCLK clock frequency */
 411:../libs/CMSIS/system_stm32f10x.c ****   SystemCoreClock >>= tmp;  
 247              		.loc 1 411 0
 248 00b8 064B     		ldr	r3, .L13+4
 249 00ba 1A68     		ldr	r2, [r3, #0]
 250 00bc FB68     		ldr	r3, [r7, #12]
 251 00be 22FA03F2 		lsr	r2, r2, r3
 252 00c2 044B     		ldr	r3, .L13+4
 253 00c4 1A60     		str	r2, [r3, #0]
 412:../libs/CMSIS/system_stm32f10x.c **** }
 254              		.loc 1 412 0
 255 00c6 07F11407 		add	r7, r7, #20
 256 00ca BD46     		mov	sp, r7
 257 00cc 80BC     		pop	{r7}
 258 00ce 7047     		bx	lr
 259              	.L14:
 260              		.align	2
 261              	.L13:
 262 00d0 00100240 		.word	1073876992
 263 00d4 00000000 		.word	SystemCoreClock
 264 00d8 00127A00 		.word	8000000
 265 00dc 00093D00 		.word	4000000
 266 00e0 00000000 		.word	AHBPrescTable
 267              		.cfi_endproc
 268              	.LFE30:
 270              		.section	.text.SetSysClock,"ax",%progbits
 271              		.align	2
 272              		.thumb
 273              		.thumb_func
 275              	SetSysClock:
 276              	.LFB31:
 413:../libs/CMSIS/system_stm32f10x.c **** 
 414:../libs/CMSIS/system_stm32f10x.c **** /**
 415:../libs/CMSIS/system_stm32f10x.c ****   * @brief  Configures the System clock frequency, HCLK, PCLK2 and PCLK1 prescalers.
 416:../libs/CMSIS/system_stm32f10x.c ****   * @param  None
 417:../libs/CMSIS/system_stm32f10x.c ****   * @retval None
 418:../libs/CMSIS/system_stm32f10x.c ****   */
 419:../libs/CMSIS/system_stm32f10x.c **** static void SetSysClock(void)
 420:../libs/CMSIS/system_stm32f10x.c **** {
 277              		.loc 1 420 0
 278              		.cfi_startproc
 279              		@ args = 0, pretend = 0, frame = 0
 280              		@ frame_needed = 1, uses_anonymous_args = 0
 281 0000 80B5     		push	{r7, lr}
 282              	.LCFI5:
 283              		.cfi_def_cfa_offset 8
 284              		.cfi_offset 7, -8
 285              		.cfi_offset 14, -4
 286 0002 00AF     		add	r7, sp, #0
 287              	.LCFI6:
 288              		.cfi_def_cfa_register 7
 421:../libs/CMSIS/system_stm32f10x.c **** #ifdef SYSCLK_FREQ_HSE
 422:../libs/CMSIS/system_stm32f10x.c ****   SetSysClockToHSE();
 423:../libs/CMSIS/system_stm32f10x.c **** #elif defined SYSCLK_FREQ_24MHz
 424:../libs/CMSIS/system_stm32f10x.c ****   SetSysClockTo24();
 289              		.loc 1 424 0
 290 0004 FFF7FEFF 		bl	SetSysClockTo24
 425:../libs/CMSIS/system_stm32f10x.c **** #elif defined SYSCLK_FREQ_36MHz
 426:../libs/CMSIS/system_stm32f10x.c ****   SetSysClockTo36();
 427:../libs/CMSIS/system_stm32f10x.c **** #elif defined SYSCLK_FREQ_48MHz
 428:../libs/CMSIS/system_stm32f10x.c ****   SetSysClockTo48();
 429:../libs/CMSIS/system_stm32f10x.c **** #elif defined SYSCLK_FREQ_56MHz
 430:../libs/CMSIS/system_stm32f10x.c ****   SetSysClockTo56();  
 431:../libs/CMSIS/system_stm32f10x.c **** #elif defined SYSCLK_FREQ_72MHz
 432:../libs/CMSIS/system_stm32f10x.c ****   SetSysClockTo72();
 433:../libs/CMSIS/system_stm32f10x.c **** #endif
 434:../libs/CMSIS/system_stm32f10x.c ****  
 435:../libs/CMSIS/system_stm32f10x.c ****  /* If none of the define above is enabled, the HSI is used as System clock
 436:../libs/CMSIS/system_stm32f10x.c ****     source (default after reset) */ 
 437:../libs/CMSIS/system_stm32f10x.c **** }
 291              		.loc 1 437 0
 292 0008 80BD     		pop	{r7, pc}
 293              		.cfi_endproc
 294              	.LFE31:
 296 000a 00BF     		.section	.text.SetSysClockTo24,"ax",%progbits
 297              		.align	2
 298              		.thumb
 299              		.thumb_func
 301              	SetSysClockTo24:
 302              	.LFB32:
 438:../libs/CMSIS/system_stm32f10x.c **** 
 439:../libs/CMSIS/system_stm32f10x.c **** /**
 440:../libs/CMSIS/system_stm32f10x.c ****   * @brief  Setup the external memory controller. Called in startup_stm32f10x.s 
 441:../libs/CMSIS/system_stm32f10x.c ****   *          before jump to __main
 442:../libs/CMSIS/system_stm32f10x.c ****   * @param  None
 443:../libs/CMSIS/system_stm32f10x.c ****   * @retval None
 444:../libs/CMSIS/system_stm32f10x.c ****   */ 
 445:../libs/CMSIS/system_stm32f10x.c **** #ifdef DATA_IN_ExtSRAM
 446:../libs/CMSIS/system_stm32f10x.c **** /**
 447:../libs/CMSIS/system_stm32f10x.c ****   * @brief  Setup the external memory controller. 
 448:../libs/CMSIS/system_stm32f10x.c ****   *         Called in startup_stm32f10x_xx.s/.c before jump to main.
 449:../libs/CMSIS/system_stm32f10x.c ****   * 	      This function configures the external SRAM mounted on STM3210E-EVAL
 450:../libs/CMSIS/system_stm32f10x.c ****   *         board (STM32 High density devices). This SRAM will be used as program
 451:../libs/CMSIS/system_stm32f10x.c ****   *         data memory (including heap and stack).
 452:../libs/CMSIS/system_stm32f10x.c ****   * @param  None
 453:../libs/CMSIS/system_stm32f10x.c ****   * @retval None
 454:../libs/CMSIS/system_stm32f10x.c ****   */ 
 455:../libs/CMSIS/system_stm32f10x.c **** void SystemInit_ExtMemCtl(void) 
 456:../libs/CMSIS/system_stm32f10x.c **** {
 457:../libs/CMSIS/system_stm32f10x.c **** /*!< FSMC Bank1 NOR/SRAM3 is used for the STM3210E-EVAL, if another Bank is 
 458:../libs/CMSIS/system_stm32f10x.c ****   required, then adjust the Register Addresses */
 459:../libs/CMSIS/system_stm32f10x.c **** 
 460:../libs/CMSIS/system_stm32f10x.c ****   /* Enable FSMC clock */
 461:../libs/CMSIS/system_stm32f10x.c ****   RCC->AHBENR = 0x00000114;
 462:../libs/CMSIS/system_stm32f10x.c ****   
 463:../libs/CMSIS/system_stm32f10x.c ****   /* Enable GPIOD, GPIOE, GPIOF and GPIOG clocks */  
 464:../libs/CMSIS/system_stm32f10x.c ****   RCC->APB2ENR = 0x000001E0;
 465:../libs/CMSIS/system_stm32f10x.c ****   
 466:../libs/CMSIS/system_stm32f10x.c **** /* ---------------  SRAM Data lines, NOE and NWE configuration ---------------*/
 467:../libs/CMSIS/system_stm32f10x.c **** /*----------------  SRAM Address lines configuration -------------------------*/
 468:../libs/CMSIS/system_stm32f10x.c **** /*----------------  NOE and NWE configuration --------------------------------*/  
 469:../libs/CMSIS/system_stm32f10x.c **** /*----------------  NE3 configuration ----------------------------------------*/
 470:../libs/CMSIS/system_stm32f10x.c **** /*----------------  NBL0, NBL1 configuration ---------------------------------*/
 471:../libs/CMSIS/system_stm32f10x.c ****   
 472:../libs/CMSIS/system_stm32f10x.c ****   GPIOD->CRL = 0x44BB44BB;  
 473:../libs/CMSIS/system_stm32f10x.c ****   GPIOD->CRH = 0xBBBBBBBB;
 474:../libs/CMSIS/system_stm32f10x.c **** 
 475:../libs/CMSIS/system_stm32f10x.c ****   GPIOE->CRL = 0xB44444BB;  
 476:../libs/CMSIS/system_stm32f10x.c ****   GPIOE->CRH = 0xBBBBBBBB;
 477:../libs/CMSIS/system_stm32f10x.c **** 
 478:../libs/CMSIS/system_stm32f10x.c ****   GPIOF->CRL = 0x44BBBBBB;  
 479:../libs/CMSIS/system_stm32f10x.c ****   GPIOF->CRH = 0xBBBB4444;
 480:../libs/CMSIS/system_stm32f10x.c **** 
 481:../libs/CMSIS/system_stm32f10x.c ****   GPIOG->CRL = 0x44BBBBBB;  
 482:../libs/CMSIS/system_stm32f10x.c ****   GPIOG->CRH = 0x44444B44;
 483:../libs/CMSIS/system_stm32f10x.c ****    
 484:../libs/CMSIS/system_stm32f10x.c **** /*----------------  FSMC Configuration ---------------------------------------*/  
 485:../libs/CMSIS/system_stm32f10x.c **** /*----------------  Enable FSMC Bank1_SRAM Bank ------------------------------*/
 486:../libs/CMSIS/system_stm32f10x.c ****   
 487:../libs/CMSIS/system_stm32f10x.c ****   FSMC_Bank1->BTCR[4] = 0x00001011;
 488:../libs/CMSIS/system_stm32f10x.c ****   FSMC_Bank1->BTCR[5] = 0x00000200;
 489:../libs/CMSIS/system_stm32f10x.c **** }
 490:../libs/CMSIS/system_stm32f10x.c **** #endif /* DATA_IN_ExtSRAM */
 491:../libs/CMSIS/system_stm32f10x.c **** 
 492:../libs/CMSIS/system_stm32f10x.c **** #ifdef SYSCLK_FREQ_HSE
 493:../libs/CMSIS/system_stm32f10x.c **** /**
 494:../libs/CMSIS/system_stm32f10x.c ****   * @brief  Selects HSE as System clock source and configure HCLK, PCLK2
 495:../libs/CMSIS/system_stm32f10x.c ****   *         and PCLK1 prescalers.
 496:../libs/CMSIS/system_stm32f10x.c ****   * @note   This function should be used only after reset.
 497:../libs/CMSIS/system_stm32f10x.c ****   * @param  None
 498:../libs/CMSIS/system_stm32f10x.c ****   * @retval None
 499:../libs/CMSIS/system_stm32f10x.c ****   */
 500:../libs/CMSIS/system_stm32f10x.c **** static void SetSysClockToHSE(void)
 501:../libs/CMSIS/system_stm32f10x.c **** {
 502:../libs/CMSIS/system_stm32f10x.c ****   __IO uint32_t StartUpCounter = 0, HSEStatus = 0;
 503:../libs/CMSIS/system_stm32f10x.c ****   
 504:../libs/CMSIS/system_stm32f10x.c ****   /* SYSCLK, HCLK, PCLK2 and PCLK1 configuration ---------------------------*/    
 505:../libs/CMSIS/system_stm32f10x.c ****   /* Enable HSE */    
 506:../libs/CMSIS/system_stm32f10x.c ****   RCC->CR |= ((uint32_t)RCC_CR_HSEON);
 507:../libs/CMSIS/system_stm32f10x.c ****  
 508:../libs/CMSIS/system_stm32f10x.c ****   /* Wait till HSE is ready and if Time out is reached exit */
 509:../libs/CMSIS/system_stm32f10x.c ****   do
 510:../libs/CMSIS/system_stm32f10x.c ****   {
 511:../libs/CMSIS/system_stm32f10x.c ****     HSEStatus = RCC->CR & RCC_CR_HSERDY;
 512:../libs/CMSIS/system_stm32f10x.c ****     StartUpCounter++;  
 513:../libs/CMSIS/system_stm32f10x.c ****   } while((HSEStatus == 0) && (StartUpCounter != HSE_STARTUP_TIMEOUT));
 514:../libs/CMSIS/system_stm32f10x.c **** 
 515:../libs/CMSIS/system_stm32f10x.c ****   if ((RCC->CR & RCC_CR_HSERDY) != RESET)
 516:../libs/CMSIS/system_stm32f10x.c ****   {
 517:../libs/CMSIS/system_stm32f10x.c ****     HSEStatus = (uint32_t)0x01;
 518:../libs/CMSIS/system_stm32f10x.c ****   }
 519:../libs/CMSIS/system_stm32f10x.c ****   else
 520:../libs/CMSIS/system_stm32f10x.c ****   {
 521:../libs/CMSIS/system_stm32f10x.c ****     HSEStatus = (uint32_t)0x00;
 522:../libs/CMSIS/system_stm32f10x.c ****   }  
 523:../libs/CMSIS/system_stm32f10x.c **** 
 524:../libs/CMSIS/system_stm32f10x.c ****   if (HSEStatus == (uint32_t)0x01)
 525:../libs/CMSIS/system_stm32f10x.c ****   {
 526:../libs/CMSIS/system_stm32f10x.c **** 
 527:../libs/CMSIS/system_stm32f10x.c **** #if !defined STM32F10X_LD_VL && !defined STM32F10X_MD_VL && !defined STM32F10X_HD_VL
 528:../libs/CMSIS/system_stm32f10x.c ****     /* Enable Prefetch Buffer */
 529:../libs/CMSIS/system_stm32f10x.c ****     FLASH->ACR |= FLASH_ACR_PRFTBE;
 530:../libs/CMSIS/system_stm32f10x.c **** 
 531:../libs/CMSIS/system_stm32f10x.c ****     /* Flash 0 wait state */
 532:../libs/CMSIS/system_stm32f10x.c ****     FLASH->ACR &= (uint32_t)((uint32_t)~FLASH_ACR_LATENCY);
 533:../libs/CMSIS/system_stm32f10x.c **** 
 534:../libs/CMSIS/system_stm32f10x.c **** #ifndef STM32F10X_CL
 535:../libs/CMSIS/system_stm32f10x.c ****     FLASH->ACR |= (uint32_t)FLASH_ACR_LATENCY_0;
 536:../libs/CMSIS/system_stm32f10x.c **** #else
 537:../libs/CMSIS/system_stm32f10x.c ****     if (HSE_VALUE <= 24000000)
 538:../libs/CMSIS/system_stm32f10x.c **** 	{
 539:../libs/CMSIS/system_stm32f10x.c ****       FLASH->ACR |= (uint32_t)FLASH_ACR_LATENCY_0;
 540:../libs/CMSIS/system_stm32f10x.c **** 	}
 541:../libs/CMSIS/system_stm32f10x.c **** 	else
 542:../libs/CMSIS/system_stm32f10x.c **** 	{
 543:../libs/CMSIS/system_stm32f10x.c ****       FLASH->ACR |= (uint32_t)FLASH_ACR_LATENCY_1;
 544:../libs/CMSIS/system_stm32f10x.c **** 	}
 545:../libs/CMSIS/system_stm32f10x.c **** #endif /* STM32F10X_CL */
 546:../libs/CMSIS/system_stm32f10x.c **** #endif
 547:../libs/CMSIS/system_stm32f10x.c ****  
 548:../libs/CMSIS/system_stm32f10x.c ****     /* HCLK = SYSCLK */
 549:../libs/CMSIS/system_stm32f10x.c ****     RCC->CFGR |= (uint32_t)RCC_CFGR_HPRE_DIV1;
 550:../libs/CMSIS/system_stm32f10x.c ****       
 551:../libs/CMSIS/system_stm32f10x.c ****     /* PCLK2 = HCLK */
 552:../libs/CMSIS/system_stm32f10x.c ****     RCC->CFGR |= (uint32_t)RCC_CFGR_PPRE2_DIV1;
 553:../libs/CMSIS/system_stm32f10x.c ****     
 554:../libs/CMSIS/system_stm32f10x.c ****     /* PCLK1 = HCLK */
 555:../libs/CMSIS/system_stm32f10x.c ****     RCC->CFGR |= (uint32_t)RCC_CFGR_PPRE1_DIV1;
 556:../libs/CMSIS/system_stm32f10x.c ****     
 557:../libs/CMSIS/system_stm32f10x.c ****     /* Select HSE as system clock source */
 558:../libs/CMSIS/system_stm32f10x.c ****     RCC->CFGR &= (uint32_t)((uint32_t)~(RCC_CFGR_SW));
 559:../libs/CMSIS/system_stm32f10x.c ****     RCC->CFGR |= (uint32_t)RCC_CFGR_SW_HSE;    
 560:../libs/CMSIS/system_stm32f10x.c **** 
 561:../libs/CMSIS/system_stm32f10x.c ****     /* Wait till HSE is used as system clock source */
 562:../libs/CMSIS/system_stm32f10x.c ****     while ((RCC->CFGR & (uint32_t)RCC_CFGR_SWS) != (uint32_t)0x04)
 563:../libs/CMSIS/system_stm32f10x.c ****     {
 564:../libs/CMSIS/system_stm32f10x.c ****     }
 565:../libs/CMSIS/system_stm32f10x.c ****   }
 566:../libs/CMSIS/system_stm32f10x.c ****   else
 567:../libs/CMSIS/system_stm32f10x.c ****   { /* If HSE fails to start-up, the application will have wrong clock 
 568:../libs/CMSIS/system_stm32f10x.c ****          configuration. User can add here some code to deal with this error */
 569:../libs/CMSIS/system_stm32f10x.c ****   }  
 570:../libs/CMSIS/system_stm32f10x.c **** }
 571:../libs/CMSIS/system_stm32f10x.c **** #elif defined SYSCLK_FREQ_24MHz
 572:../libs/CMSIS/system_stm32f10x.c **** /**
 573:../libs/CMSIS/system_stm32f10x.c ****   * @brief  Sets System clock frequency to 24MHz and configure HCLK, PCLK2 
 574:../libs/CMSIS/system_stm32f10x.c ****   *         and PCLK1 prescalers.
 575:../libs/CMSIS/system_stm32f10x.c ****   * @note   This function should be used only after reset.
 576:../libs/CMSIS/system_stm32f10x.c ****   * @param  None
 577:../libs/CMSIS/system_stm32f10x.c ****   * @retval None
 578:../libs/CMSIS/system_stm32f10x.c ****   */
 579:../libs/CMSIS/system_stm32f10x.c **** static void SetSysClockTo24(void)
 580:../libs/CMSIS/system_stm32f10x.c **** {
 303              		.loc 1 580 0
 304              		.cfi_startproc
 305              		@ args = 0, pretend = 0, frame = 8
 306              		@ frame_needed = 1, uses_anonymous_args = 0
 307              		@ link register save eliminated.
 308 0000 80B4     		push	{r7}
 309              	.LCFI7:
 310              		.cfi_def_cfa_offset 4
 311              		.cfi_offset 7, -4
 312 0002 83B0     		sub	sp, sp, #12
 313              	.LCFI8:
 314              		.cfi_def_cfa_offset 16
 315 0004 00AF     		add	r7, sp, #0
 316              	.LCFI9:
 317              		.cfi_def_cfa_register 7
 581:../libs/CMSIS/system_stm32f10x.c ****   __IO uint32_t StartUpCounter = 0, HSEStatus = 0;
 318              		.loc 1 581 0
 319 0006 4FF00003 		mov	r3, #0
 320 000a 7B60     		str	r3, [r7, #4]
 321 000c 4FF00003 		mov	r3, #0
 322 0010 3B60     		str	r3, [r7, #0]
 582:../libs/CMSIS/system_stm32f10x.c ****   
 583:../libs/CMSIS/system_stm32f10x.c ****   /* SYSCLK, HCLK, PCLK2 and PCLK1 configuration ---------------------------*/    
 584:../libs/CMSIS/system_stm32f10x.c ****   /* Enable HSE */    
 585:../libs/CMSIS/system_stm32f10x.c ****   RCC->CR |= ((uint32_t)RCC_CR_HSEON);
 323              		.loc 1 585 0
 324 0012 314B     		ldr	r3, .L24
 325 0014 304A     		ldr	r2, .L24
 326 0016 1268     		ldr	r2, [r2, #0]
 327 0018 42F48032 		orr	r2, r2, #65536
 328 001c 1A60     		str	r2, [r3, #0]
 329              	.L18:
 586:../libs/CMSIS/system_stm32f10x.c ****  
 587:../libs/CMSIS/system_stm32f10x.c ****   /* Wait till HSE is ready and if Time out is reached exit */
 588:../libs/CMSIS/system_stm32f10x.c ****   do
 589:../libs/CMSIS/system_stm32f10x.c ****   {
 590:../libs/CMSIS/system_stm32f10x.c ****     HSEStatus = RCC->CR & RCC_CR_HSERDY;
 330              		.loc 1 590 0 discriminator 1
 331 001e 2E4B     		ldr	r3, .L24
 332 0020 1B68     		ldr	r3, [r3, #0]
 333 0022 03F40033 		and	r3, r3, #131072
 334 0026 3B60     		str	r3, [r7, #0]
 591:../libs/CMSIS/system_stm32f10x.c ****     StartUpCounter++;  
 335              		.loc 1 591 0 discriminator 1
 336 0028 7B68     		ldr	r3, [r7, #4]
 337 002a 03F10103 		add	r3, r3, #1
 338 002e 7B60     		str	r3, [r7, #4]
 592:../libs/CMSIS/system_stm32f10x.c ****   } while((HSEStatus == 0) && (StartUpCounter != HSE_STARTUP_TIMEOUT));
 339              		.loc 1 592 0 discriminator 1
 340 0030 3B68     		ldr	r3, [r7, #0]
 341 0032 002B     		cmp	r3, #0
 342 0034 03D1     		bne	.L17
 343 0036 7B68     		ldr	r3, [r7, #4]
 344 0038 B3F5A06F 		cmp	r3, #1280
 345 003c EFD1     		bne	.L18
 346              	.L17:
 593:../libs/CMSIS/system_stm32f10x.c **** 
 594:../libs/CMSIS/system_stm32f10x.c ****   if ((RCC->CR & RCC_CR_HSERDY) != RESET)
 347              		.loc 1 594 0
 348 003e 264B     		ldr	r3, .L24
 349 0040 1B68     		ldr	r3, [r3, #0]
 350 0042 03F40033 		and	r3, r3, #131072
 351 0046 002B     		cmp	r3, #0
 352 0048 03D0     		beq	.L19
 595:../libs/CMSIS/system_stm32f10x.c ****   {
 596:../libs/CMSIS/system_stm32f10x.c ****     HSEStatus = (uint32_t)0x01;
 353              		.loc 1 596 0
 354 004a 4FF00103 		mov	r3, #1
 355 004e 3B60     		str	r3, [r7, #0]
 356 0050 02E0     		b	.L20
 357              	.L19:
 597:../libs/CMSIS/system_stm32f10x.c ****   }
 598:../libs/CMSIS/system_stm32f10x.c ****   else
 599:../libs/CMSIS/system_stm32f10x.c ****   {
 600:../libs/CMSIS/system_stm32f10x.c ****     HSEStatus = (uint32_t)0x00;
 358              		.loc 1 600 0
 359 0052 4FF00003 		mov	r3, #0
 360 0056 3B60     		str	r3, [r7, #0]
 361              	.L20:
 601:../libs/CMSIS/system_stm32f10x.c ****   }  
 602:../libs/CMSIS/system_stm32f10x.c **** 
 603:../libs/CMSIS/system_stm32f10x.c ****   if (HSEStatus == (uint32_t)0x01)
 362              		.loc 1 603 0
 363 0058 3B68     		ldr	r3, [r7, #0]
 364 005a 012B     		cmp	r3, #1
 365 005c 37D1     		bne	.L16
 604:../libs/CMSIS/system_stm32f10x.c ****   {
 605:../libs/CMSIS/system_stm32f10x.c **** #if !defined STM32F10X_LD_VL && !defined STM32F10X_MD_VL && !defined STM32F10X_HD_VL 
 606:../libs/CMSIS/system_stm32f10x.c ****     /* Enable Prefetch Buffer */
 607:../libs/CMSIS/system_stm32f10x.c ****     FLASH->ACR |= FLASH_ACR_PRFTBE;
 608:../libs/CMSIS/system_stm32f10x.c **** 
 609:../libs/CMSIS/system_stm32f10x.c ****     /* Flash 0 wait state */
 610:../libs/CMSIS/system_stm32f10x.c ****     FLASH->ACR &= (uint32_t)((uint32_t)~FLASH_ACR_LATENCY);
 611:../libs/CMSIS/system_stm32f10x.c ****     FLASH->ACR |= (uint32_t)FLASH_ACR_LATENCY_0;    
 612:../libs/CMSIS/system_stm32f10x.c **** #endif
 613:../libs/CMSIS/system_stm32f10x.c ****  
 614:../libs/CMSIS/system_stm32f10x.c ****     /* HCLK = SYSCLK */
 615:../libs/CMSIS/system_stm32f10x.c ****     RCC->CFGR |= (uint32_t)RCC_CFGR_HPRE_DIV1;
 366              		.loc 1 615 0
 367 005e 1E4B     		ldr	r3, .L24
 368 0060 1D4A     		ldr	r2, .L24
 369 0062 5268     		ldr	r2, [r2, #4]
 370 0064 5A60     		str	r2, [r3, #4]
 616:../libs/CMSIS/system_stm32f10x.c ****       
 617:../libs/CMSIS/system_stm32f10x.c ****     /* PCLK2 = HCLK */
 618:../libs/CMSIS/system_stm32f10x.c ****     RCC->CFGR |= (uint32_t)RCC_CFGR_PPRE2_DIV1;
 371              		.loc 1 618 0
 372 0066 1C4B     		ldr	r3, .L24
 373 0068 1B4A     		ldr	r2, .L24
 374 006a 5268     		ldr	r2, [r2, #4]
 375 006c 5A60     		str	r2, [r3, #4]
 619:../libs/CMSIS/system_stm32f10x.c ****     
 620:../libs/CMSIS/system_stm32f10x.c ****     /* PCLK1 = HCLK */
 621:../libs/CMSIS/system_stm32f10x.c ****     RCC->CFGR |= (uint32_t)RCC_CFGR_PPRE1_DIV1;
 376              		.loc 1 621 0
 377 006e 1A4B     		ldr	r3, .L24
 378 0070 194A     		ldr	r2, .L24
 379 0072 5268     		ldr	r2, [r2, #4]
 380 0074 5A60     		str	r2, [r3, #4]
 622:../libs/CMSIS/system_stm32f10x.c ****     
 623:../libs/CMSIS/system_stm32f10x.c **** #ifdef STM32F10X_CL
 624:../libs/CMSIS/system_stm32f10x.c ****     /* Configure PLLs ------------------------------------------------------*/
 625:../libs/CMSIS/system_stm32f10x.c ****     /* PLL configuration: PLLCLK = PREDIV1 * 6 = 24 MHz */ 
 626:../libs/CMSIS/system_stm32f10x.c ****     RCC->CFGR &= (uint32_t)~(RCC_CFGR_PLLXTPRE | RCC_CFGR_PLLSRC | RCC_CFGR_PLLMULL);
 627:../libs/CMSIS/system_stm32f10x.c ****     RCC->CFGR |= (uint32_t)(RCC_CFGR_PLLXTPRE_PREDIV1 | RCC_CFGR_PLLSRC_PREDIV1 | 
 628:../libs/CMSIS/system_stm32f10x.c ****                             RCC_CFGR_PLLMULL6); 
 629:../libs/CMSIS/system_stm32f10x.c **** 
 630:../libs/CMSIS/system_stm32f10x.c ****     /* PLL2 configuration: PLL2CLK = (HSE / 5) * 8 = 40 MHz */
 631:../libs/CMSIS/system_stm32f10x.c ****     /* PREDIV1 configuration: PREDIV1CLK = PLL2 / 10 = 4 MHz */       
 632:../libs/CMSIS/system_stm32f10x.c ****     RCC->CFGR2 &= (uint32_t)~(RCC_CFGR2_PREDIV2 | RCC_CFGR2_PLL2MUL |
 633:../libs/CMSIS/system_stm32f10x.c ****                               RCC_CFGR2_PREDIV1 | RCC_CFGR2_PREDIV1SRC);
 634:../libs/CMSIS/system_stm32f10x.c ****     RCC->CFGR2 |= (uint32_t)(RCC_CFGR2_PREDIV2_DIV5 | RCC_CFGR2_PLL2MUL8 |
 635:../libs/CMSIS/system_stm32f10x.c ****                              RCC_CFGR2_PREDIV1SRC_PLL2 | RCC_CFGR2_PREDIV1_DIV10);
 636:../libs/CMSIS/system_stm32f10x.c ****   
 637:../libs/CMSIS/system_stm32f10x.c ****     /* Enable PLL2 */
 638:../libs/CMSIS/system_stm32f10x.c ****     RCC->CR |= RCC_CR_PLL2ON;
 639:../libs/CMSIS/system_stm32f10x.c ****     /* Wait till PLL2 is ready */
 640:../libs/CMSIS/system_stm32f10x.c ****     while((RCC->CR & RCC_CR_PLL2RDY) == 0)
 641:../libs/CMSIS/system_stm32f10x.c ****     {
 642:../libs/CMSIS/system_stm32f10x.c ****     }   
 643:../libs/CMSIS/system_stm32f10x.c **** #elif defined (STM32F10X_LD_VL) || defined (STM32F10X_MD_VL) || defined (STM32F10X_HD_VL)
 644:../libs/CMSIS/system_stm32f10x.c ****     /*  PLL configuration:  = (HSE / 2) * 6 = 24 MHz */
 645:../libs/CMSIS/system_stm32f10x.c ****     RCC->CFGR &= (uint32_t)((uint32_t)~(RCC_CFGR_PLLSRC | RCC_CFGR_PLLXTPRE | RCC_CFGR_PLLMULL));
 381              		.loc 1 645 0
 382 0076 184B     		ldr	r3, .L24
 383 0078 174A     		ldr	r2, .L24
 384 007a 5268     		ldr	r2, [r2, #4]
 385 007c 22F47C12 		bic	r2, r2, #4128768
 386 0080 5A60     		str	r2, [r3, #4]
 646:../libs/CMSIS/system_stm32f10x.c ****     RCC->CFGR |= (uint32_t)(RCC_CFGR_PLLSRC_PREDIV1 | RCC_CFGR_PLLXTPRE_PREDIV1_Div2 | RCC_CFGR_PLL
 387              		.loc 1 646 0
 388 0082 154B     		ldr	r3, .L24
 389 0084 144A     		ldr	r2, .L24
 390 0086 5268     		ldr	r2, [r2, #4]
 391 0088 42F49812 		orr	r2, r2, #1245184
 392 008c 5A60     		str	r2, [r3, #4]
 647:../libs/CMSIS/system_stm32f10x.c **** #else    
 648:../libs/CMSIS/system_stm32f10x.c ****     /*  PLL configuration:  = (HSE / 2) * 6 = 24 MHz */
 649:../libs/CMSIS/system_stm32f10x.c ****     RCC->CFGR &= (uint32_t)((uint32_t)~(RCC_CFGR_PLLSRC | RCC_CFGR_PLLXTPRE | RCC_CFGR_PLLMULL));
 650:../libs/CMSIS/system_stm32f10x.c ****     RCC->CFGR |= (uint32_t)(RCC_CFGR_PLLSRC_HSE | RCC_CFGR_PLLXTPRE_HSE_Div2 | RCC_CFGR_PLLMULL6);
 651:../libs/CMSIS/system_stm32f10x.c **** #endif /* STM32F10X_CL */
 652:../libs/CMSIS/system_stm32f10x.c **** 
 653:../libs/CMSIS/system_stm32f10x.c ****     /* Enable PLL */
 654:../libs/CMSIS/system_stm32f10x.c ****     RCC->CR |= RCC_CR_PLLON;
 393              		.loc 1 654 0
 394 008e 124B     		ldr	r3, .L24
 395 0090 114A     		ldr	r2, .L24
 396 0092 1268     		ldr	r2, [r2, #0]
 397 0094 42F08072 		orr	r2, r2, #16777216
 398 0098 1A60     		str	r2, [r3, #0]
 655:../libs/CMSIS/system_stm32f10x.c **** 
 656:../libs/CMSIS/system_stm32f10x.c ****     /* Wait till PLL is ready */
 657:../libs/CMSIS/system_stm32f10x.c ****     while((RCC->CR & RCC_CR_PLLRDY) == 0)
 399              		.loc 1 657 0
 400 009a 00BF     		nop
 401              	.L22:
 402              		.loc 1 657 0 is_stmt 0 discriminator 1
 403 009c 0E4B     		ldr	r3, .L24
 404 009e 1B68     		ldr	r3, [r3, #0]
 405 00a0 03F00073 		and	r3, r3, #33554432
 406 00a4 002B     		cmp	r3, #0
 407 00a6 F9D0     		beq	.L22
 658:../libs/CMSIS/system_stm32f10x.c ****     {
 659:../libs/CMSIS/system_stm32f10x.c ****     }
 660:../libs/CMSIS/system_stm32f10x.c **** 
 661:../libs/CMSIS/system_stm32f10x.c ****     /* Select PLL as system clock source */
 662:../libs/CMSIS/system_stm32f10x.c ****     RCC->CFGR &= (uint32_t)((uint32_t)~(RCC_CFGR_SW));
 408              		.loc 1 662 0 is_stmt 1
 409 00a8 0B4B     		ldr	r3, .L24
 410 00aa 0B4A     		ldr	r2, .L24
 411 00ac 5268     		ldr	r2, [r2, #4]
 412 00ae 22F00302 		bic	r2, r2, #3
 413 00b2 5A60     		str	r2, [r3, #4]
 663:../libs/CMSIS/system_stm32f10x.c ****     RCC->CFGR |= (uint32_t)RCC_CFGR_SW_PLL;    
 414              		.loc 1 663 0
 415 00b4 084B     		ldr	r3, .L24
 416 00b6 084A     		ldr	r2, .L24
 417 00b8 5268     		ldr	r2, [r2, #4]
 418 00ba 42F00202 		orr	r2, r2, #2
 419 00be 5A60     		str	r2, [r3, #4]
 664:../libs/CMSIS/system_stm32f10x.c **** 
 665:../libs/CMSIS/system_stm32f10x.c ****     /* Wait till PLL is used as system clock source */
 666:../libs/CMSIS/system_stm32f10x.c ****     while ((RCC->CFGR & (uint32_t)RCC_CFGR_SWS) != (uint32_t)0x08)
 420              		.loc 1 666 0
 421 00c0 00BF     		nop
 422              	.L23:
 423              		.loc 1 666 0 is_stmt 0 discriminator 1
 424 00c2 054B     		ldr	r3, .L24
 425 00c4 5B68     		ldr	r3, [r3, #4]
 426 00c6 03F00C03 		and	r3, r3, #12
 427 00ca 082B     		cmp	r3, #8
 428 00cc F9D1     		bne	.L23
 429              	.L16:
 667:../libs/CMSIS/system_stm32f10x.c ****     {
 668:../libs/CMSIS/system_stm32f10x.c ****     }
 669:../libs/CMSIS/system_stm32f10x.c ****   }
 670:../libs/CMSIS/system_stm32f10x.c ****   else
 671:../libs/CMSIS/system_stm32f10x.c ****   { /* If HSE fails to start-up, the application will have wrong clock 
 672:../libs/CMSIS/system_stm32f10x.c ****          configuration. User can add here some code to deal with this error */
 673:../libs/CMSIS/system_stm32f10x.c ****   } 
 674:../libs/CMSIS/system_stm32f10x.c **** }
 430              		.loc 1 674 0 is_stmt 1
 431 00ce 07F10C07 		add	r7, r7, #12
 432 00d2 BD46     		mov	sp, r7
 433 00d4 80BC     		pop	{r7}
 434 00d6 7047     		bx	lr
 435              	.L25:
 436              		.align	2
 437              	.L24:
 438 00d8 00100240 		.word	1073876992
 439              		.cfi_endproc
 440              	.LFE32:
 442              		.text
 443              	.Letext0:
 444              		.file 2 "d:\\programs\\stm programs\\codebench\\bin\\../lib/gcc/arm-none-eabi/4.7.3/../../../../ar
 445              		.file 3 "../libs/CMSIS/core_cm3.h"
 446              		.file 4 "../libs/CMSIS/stm32f10x.h"
DEFINED SYMBOLS
                            *ABS*:00000000 system_stm32f10x.c
C:\Users\6262~1\AppData\Local\Temp\ccEjlwTL.s:23     .data.SystemCoreClock:00000000 SystemCoreClock
C:\Users\6262~1\AppData\Local\Temp\ccEjlwTL.s:20     .data.SystemCoreClock:00000000 $d
C:\Users\6262~1\AppData\Local\Temp\ccEjlwTL.s:30     .data.AHBPrescTable:00000000 AHBPrescTable
C:\Users\6262~1\AppData\Local\Temp\ccEjlwTL.s:27     .data.AHBPrescTable:00000000 $d
C:\Users\6262~1\AppData\Local\Temp\ccEjlwTL.s:48     .text.SystemInit:00000000 $t
C:\Users\6262~1\AppData\Local\Temp\ccEjlwTL.s:53     .text.SystemInit:00000000 SystemInit
C:\Users\6262~1\AppData\Local\Temp\ccEjlwTL.s:275    .text.SetSysClock:00000000 SetSysClock
C:\Users\6262~1\AppData\Local\Temp\ccEjlwTL.s:119    .text.SystemInit:00000064 $d
C:\Users\6262~1\AppData\Local\Temp\ccEjlwTL.s:126    .text.SystemCoreClockUpdate:00000000 $t
C:\Users\6262~1\AppData\Local\Temp\ccEjlwTL.s:131    .text.SystemCoreClockUpdate:00000000 SystemCoreClockUpdate
C:\Users\6262~1\AppData\Local\Temp\ccEjlwTL.s:262    .text.SystemCoreClockUpdate:000000d0 $d
C:\Users\6262~1\AppData\Local\Temp\ccEjlwTL.s:271    .text.SetSysClock:00000000 $t
C:\Users\6262~1\AppData\Local\Temp\ccEjlwTL.s:301    .text.SetSysClockTo24:00000000 SetSysClockTo24
C:\Users\6262~1\AppData\Local\Temp\ccEjlwTL.s:297    .text.SetSysClockTo24:00000000 $t
C:\Users\6262~1\AppData\Local\Temp\ccEjlwTL.s:438    .text.SetSysClockTo24:000000d8 $d
                     .debug_frame:00000010 $d

NO UNDEFINED SYMBOLS
